<?xml version="1.0" encoding="UTF-8"?>
<!-- Generated by org.testng.reporters.JUnitXMLReporter -->
<testsuite ignored="0" hostname="PF2CQ1Z0-AL1" failures="0" tests="4" name="Default test" time="79.608" errors="0" timestamp="2023-03-07T14:08:21 IST">
  <testcase classname="Selenium_Training.TestMethods" name="flipkart" time="16.7"/>
  <testcase classname="Selenium_Training.TestMethods" name="googleverification" time="5.876"/>
  <testcase classname="Selenium_Training.TestMethods" name="facebook" time="4.246"/>
  <testcase classname="Selenium_Training.TestMethods" name="Amazon" time="11.928"/>
</testsuite> <!-- Default test -->
