<?xml version="1.0" encoding="UTF-8"?>
<testng-results ignored="0" total="4" passed="4" failed="0" skipped="0">
  <reporter-output>
  </reporter-output>
  <suite started-at="2023-03-07T14:07:01 IST" name="Default suite" finished-at="2023-03-07T14:08:21 IST" duration-ms="79608">
    <groups>
    </groups>
    <test started-at="2023-03-07T14:07:01 IST" name="Default test" finished-at="2023-03-07T14:08:21 IST" duration-ms="79608">
      <class name="Selenium_Training.TestMethods">
        <test-method is-config="true" signature="browseropening()[pri:0, instance:Selenium_Training.TestMethods@434a63ab]" started-at="2023-03-07T14:07:01 IST" name="browseropening" finished-at="2023-03-07T14:07:14 IST" duration-ms="12081" status="PASS">
          <reporter-output>
          </reporter-output>
        </test-method> <!-- browseropening -->
        <test-method signature="flipkart()[pri:1, instance:Selenium_Training.TestMethods@434a63ab]" started-at="2023-03-07T14:07:14 IST" name="flipkart" finished-at="2023-03-07T14:07:30 IST" duration-ms="16700" status="PASS">
          <reporter-output>
          </reporter-output>
        </test-method> <!-- flipkart -->
        <test-method is-config="true" signature="browserclosing()[pri:0, instance:Selenium_Training.TestMethods@434a63ab]" started-at="2023-03-07T14:07:30 IST" name="browserclosing" finished-at="2023-03-07T14:07:32 IST" duration-ms="1731" status="PASS">
          <reporter-output>
          </reporter-output>
        </test-method> <!-- browserclosing -->
        <test-method is-config="true" signature="browseropening()[pri:0, instance:Selenium_Training.TestMethods@434a63ab]" started-at="2023-03-07T14:07:32 IST" name="browseropening" finished-at="2023-03-07T14:07:40 IST" duration-ms="7814" status="PASS">
          <reporter-output>
          </reporter-output>
        </test-method> <!-- browseropening -->
        <test-method signature="googleverification()[pri:2, instance:Selenium_Training.TestMethods@434a63ab]" started-at="2023-03-07T14:07:40 IST" name="googleverification" finished-at="2023-03-07T14:07:46 IST" duration-ms="5876" status="PASS">
          <reporter-output>
          </reporter-output>
        </test-method> <!-- googleverification -->
        <test-method is-config="true" signature="browserclosing()[pri:0, instance:Selenium_Training.TestMethods@434a63ab]" started-at="2023-03-07T14:07:46 IST" name="browserclosing" finished-at="2023-03-07T14:07:47 IST" duration-ms="1705" status="PASS">
          <reporter-output>
          </reporter-output>
        </test-method> <!-- browserclosing -->
        <test-method is-config="true" signature="browseropening()[pri:0, instance:Selenium_Training.TestMethods@434a63ab]" started-at="2023-03-07T14:07:47 IST" name="browseropening" finished-at="2023-03-07T14:07:54 IST" duration-ms="7105" status="PASS">
          <reporter-output>
          </reporter-output>
        </test-method> <!-- browseropening -->
        <test-method signature="facebook()[pri:3, instance:Selenium_Training.TestMethods@434a63ab]" started-at="2023-03-07T14:07:54 IST" name="facebook" finished-at="2023-03-07T14:07:59 IST" duration-ms="4246" status="PASS">
          <reporter-output>
          </reporter-output>
        </test-method> <!-- facebook -->
        <test-method is-config="true" signature="browserclosing()[pri:0, instance:Selenium_Training.TestMethods@434a63ab]" started-at="2023-03-07T14:07:59 IST" name="browserclosing" finished-at="2023-03-07T14:08:00 IST" duration-ms="1437" status="PASS">
          <reporter-output>
          </reporter-output>
        </test-method> <!-- browserclosing -->
        <test-method is-config="true" signature="browseropening()[pri:0, instance:Selenium_Training.TestMethods@434a63ab]" started-at="2023-03-07T14:08:00 IST" name="browseropening" finished-at="2023-03-07T14:08:07 IST" duration-ms="7012" status="PASS">
          <reporter-output>
          </reporter-output>
        </test-method> <!-- browseropening -->
        <test-method signature="Amazon()[pri:4, instance:Selenium_Training.TestMethods@434a63ab]" started-at="2023-03-07T14:08:07 IST" name="Amazon" finished-at="2023-03-07T14:08:19 IST" duration-ms="11928" status="PASS">
          <reporter-output>
          </reporter-output>
        </test-method> <!-- Amazon -->
        <test-method is-config="true" signature="browserclosing()[pri:0, instance:Selenium_Training.TestMethods@434a63ab]" started-at="2023-03-07T14:08:19 IST" name="browserclosing" finished-at="2023-03-07T14:08:21 IST" duration-ms="1910" status="PASS">
          <reporter-output>
          </reporter-output>
        </test-method> <!-- browserclosing -->
      </class> <!-- Selenium_Training.TestMethods -->
    </test> <!-- Default test -->
  </suite> <!-- Default suite -->
</testng-results>
